#
# There is insufficient memory for the Java Runtime Environment to continue.
# Native memory allocation (mmap) failed to map 257949696 bytes for G1 virtual space
# Possible reasons:
#   The system is out of physical RAM or swap space
#   The process is running with CompressedOops enabled, and the Java Heap may be blocking the growth of the native heap
# Possible solutions:
#   Reduce memory load on the system
#   Increase physical memory or swap space
#   Check if swap backing store is full
#   Decrease Java heap size (-Xmx/-Xms)
#   Decrease number of Java threads
#   Decrease Java thread stack sizes (-Xss)
#   Set larger code cache with -XX:ReservedCodeCacheSize=
#   JVM is running with Zero Based Compressed Oops mode in which the Java heap is
#     placed in the first 32GB address space. The Java Heap base address is the
#     maximum limit for the native heap growth. Please use -XX:HeapBaseMinAddress
#     to set the Java Heap base and to place the Java Heap above 32GB virtual address.
# This output file may be truncated or incomplete.
#
#  Out of Memory Error (os_windows.cpp:3829), pid=70452, tid=42236
#
# JRE version:  (17.0.8+7) (build )
# Java VM: OpenJDK 64-Bit Server VM (17.0.8+7-b1000.22, mixed mode, sharing, tiered, compressed oops, compressed class ptrs, g1 gc, windows-amd64)
# No core dump will be written. Minidumps are not enabled by default on client versions of Windows
#

---------------  S U M M A R Y ------------

Command Line: git4idea.http.GitAskPassApp Username for 'https://github.com': 

Host: AMD Ryzen 5 4600H with Radeon Graphics         , 12 cores, 15G,  Windows 11 , 64 bit Build 22621 (10.0.22621.2428)
Time: Tue Oct 24 15:08:46 2023 RTZ 2 (s 11 , 64 bit Build 22621 (10.0.22621.2428) elapsed time: 0.009067 seconds (0d 0h 0m 0s)

---------------  T H R E A D  ---------------

Current thread (0x000001552f806070):  JavaThread "Unknown thread" [_thread_in_vm, id=42236, stack(0x0000001314800000,0x0000001314900000)]

Stack: [0x0000001314800000,0x0000001314900000]
Native frames: (J=compiled Java code, j=interpreted, Vv=VM code, C=native code)
V  [jvm.dll+0x6852da]
V  [jvm.dll+0x844c84]
V  [jvm.dll+0x84659e]
V  [jvm.dll+0x846c03]
V  [jvm.dll+0x24b7cf]
V  [jvm.dll+0x682049]
V  [jvm.dll+0x67671a]
V  [jvm.dll+0x30be2b]
V  [jvm.dll+0x3132d6]
V  [jvm.dll+0x36302e]
V  [jvm.dll+0x36325f]
V  [jvm.dll+0x2e1f48]
V  [jvm.dll+0x2e2eb4]
V  [jvm.dll+0x815c11]
V  [jvm.dll+0x370df1]
V  [jvm.dll+0x7f4fdc]
V  [jvm.dll+0x3f3f1f]
V  [jvm.dll+0x3f5b31]
C  [jli.dll+0x528f]
C  [ucrtbase.dll+0x29363]
C  [KERNEL32.DLL+0x1257d]
C  [ntdll.dll+0x5aa78]


---------------  P R O C E S S  ---------------

Threads class SMR info:
_java_thread_list=0x00007ffcf6fa0098, length=0, elements={
}

Java Threads: ( => current thread )

Other Threads:
  0x000001552f86ea10 GCTaskThread "GC Thread#0" [stack: 0x0000001314900000,0x0000001314a00000] [id=64948]
  0x000001552f87ef60 ConcurrentGCThread "G1 Main Marker" [stack: 0x0000001314a00000,0x0000001314b00000] [id=63248]
  0x000001552f881880 ConcurrentGCThread "G1 Conc#0" [stack: 0x0000001314b00000,0x0000001314c00000] [id=51704]

[error occurred during error reporting (printing all threads), id 0xc0000005, EXCEPTION_ACCESS_VIOLATION (0xc0000005) at pc=0x00007ffcf6752ab7]

VM state: not at safepoint (not fully initialized)

VM Mutex/Monitor currently owned by a thread:  ([mutex/lock_event])
[0x000001552f7ffc20] Heap_lock - owner thread: 0x000001552f806070

Heap address: 0x000000070a000000, size: 3936 MB, Compressed Oops mode: Zero based, Oop shift amount: 3

CDS archive(s) mapped at: [0x0000000000000000-0x0000000000000000-0x0000000000000000), size 0, SharedBaseAddress: 0x0000000800000000, ArchiveRelocationMode: 1.
Narrow klass base: 0x0000000000000000, Narrow klass shift: 0, Narrow klass range: 0x0

GC Precious Log:
<Empty>

Heap:
 garbage-first heap   total 0K, used 0K [0x000000070a000000, 0x0000000800000000)
  region size 2048K, 0 young (0K), 0 survivors (0K)
 Metaspace       used 0K, committed 0K, reserved 0K
  class space    used 0K, committed 0K, reserved 0K

Heap Regions: E=young(eden), S=young(survivor), O=old, HS=humongous(starts), HC=humongous(continues), CS=collection set, F=free, OA=open archive, CA=closed archive, TAMS=top-at-mark-start (previous, next)

Card table byte_map: [0x0000015544b80000,0x0000015545330000] _byte_map_base: 0x0000015541330000

Marking Bits (Prev, Next): (CMBitMap*) 0x000001552f86f030, (CMBitMap*) 0x000001552f86f070
 Prev Bits: [0x0000015545ae0000, 0x0000015549860000)
 Next Bits: [0x0000015549860000, 0x000001554d5e0000)

GC Heap History (0 events):
No events

Dll operation events (1 events):
Event: 0.005 Loaded shared library D:\Dev\Tools\IntelliJ IDEA Ultimate\jbr\bin\java.dll

Deoptimization events (0 events):
No events

Classes unloaded (0 events):
No events

Classes redefined (0 events):
No events

Internal exceptions (0 events):
No events

VM Operations (0 events):
No events

Events (0 events):
No events


Dynamic libraries:
0x00007ff621110000 - 0x00007ff62111a000 	D:\Dev\Tools\IntelliJ IDEA Ultimate\jbr\bin\java.exe
0x00007ffd63910000 - 0x00007ffd63b27000 	C:\WINDOWS\SYSTEM32\ntdll.dll
0x00007ffd61940000 - 0x00007ffd61a04000 	C:\WINDOWS\System32\KERNEL32.DLL
0x00007ffd612c0000 - 0x00007ffd61666000 	C:\WINDOWS\System32\KERNELBASE.dll
0x00007ffd60fc0000 - 0x00007ffd610d1000 	C:\WINDOWS\System32\ucrtbase.dll
0x00007ffd58950000 - 0x00007ffd58967000 	D:\Dev\Tools\IntelliJ IDEA Ultimate\jbr\bin\jli.dll
0x00007ffd4f9d0000 - 0x00007ffd4f9eb000 	D:\Dev\Tools\IntelliJ IDEA Ultimate\jbr\bin\VCRUNTIME140.dll
0x00007ffd63340000 - 0x00007ffd634ed000 	C:\WINDOWS\System32\USER32.dll
0x00007ffd60c90000 - 0x00007ffd60cb6000 	C:\WINDOWS\System32\win32u.dll
0x00007ffd47e50000 - 0x00007ffd480e3000 	C:\WINDOWS\WinSxS\amd64_microsoft.windows.common-controls_6595b64144ccf1df_6.0.22621.2361_none_2712ced57382f843\COMCTL32.dll
0x00007ffd61db0000 - 0x00007ffd61dd9000 	C:\WINDOWS\System32\GDI32.dll
0x00007ffd63150000 - 0x00007ffd631f7000 	C:\WINDOWS\System32\msvcrt.dll
0x00007ffd611a0000 - 0x00007ffd612b8000 	C:\WINDOWS\System32\gdi32full.dll
0x00007ffd60f20000 - 0x00007ffd60fba000 	C:\WINDOWS\System32\msvcp_win.dll
0x00007ffd63110000 - 0x00007ffd63141000 	C:\WINDOWS\System32\IMM32.DLL
0x00007ffd595d0000 - 0x00007ffd595dc000 	D:\Dev\Tools\IntelliJ IDEA Ultimate\jbr\bin\vcruntime140_1.dll
0x00007ffd22930000 - 0x00007ffd229bd000 	D:\Dev\Tools\IntelliJ IDEA Ultimate\jbr\bin\msvcp140.dll
0x00007ffcf6460000 - 0x00007ffcf70e3000 	D:\Dev\Tools\IntelliJ IDEA Ultimate\jbr\bin\server\jvm.dll
0x00007ffd63820000 - 0x00007ffd638d0000 	C:\WINDOWS\System32\ADVAPI32.dll
0x00007ffd63060000 - 0x00007ffd63106000 	C:\WINDOWS\System32\sechost.dll
0x00007ffd62680000 - 0x00007ffd62797000 	C:\WINDOWS\System32\RPCRT4.dll
0x00007ffd609b0000 - 0x00007ffd609fd000 	C:\WINDOWS\SYSTEM32\POWRPROF.dll
0x00007ffd464d0000 - 0x00007ffd464d9000 	C:\WINDOWS\SYSTEM32\WSOCK32.dll
0x00007ffd61670000 - 0x00007ffd616e1000 	C:\WINDOWS\System32\WS2_32.dll
0x00007ffd5aa90000 - 0x00007ffd5aac4000 	C:\WINDOWS\SYSTEM32\WINMM.dll
0x00007ffd55930000 - 0x00007ffd5593a000 	C:\WINDOWS\SYSTEM32\VERSION.dll
0x00007ffd60990000 - 0x00007ffd609a3000 	C:\WINDOWS\SYSTEM32\UMPDC.dll
0x00007ffd5fc30000 - 0x00007ffd5fc48000 	C:\WINDOWS\SYSTEM32\kernel.appcore.dll
0x00007ffd5d360000 - 0x00007ffd5d36a000 	D:\Dev\Tools\IntelliJ IDEA Ultimate\jbr\bin\jimage.dll
0x00007ffd5e0f0000 - 0x00007ffd5e31e000 	C:\WINDOWS\SYSTEM32\DBGHELP.DLL
0x00007ffd61a10000 - 0x00007ffd61d9a000 	C:\WINDOWS\System32\combase.dll
0x00007ffd624b0000 - 0x00007ffd62587000 	C:\WINDOWS\System32\OLEAUT32.dll
0x00007ffd4d250000 - 0x00007ffd4d282000 	C:\WINDOWS\SYSTEM32\dbgcore.DLL
0x00007ffd60ea0000 - 0x00007ffd60f1a000 	C:\WINDOWS\System32\bcryptPrimitives.dll
0x00007ffd5ba80000 - 0x00007ffd5baa5000 	D:\Dev\Tools\IntelliJ IDEA Ultimate\jbr\bin\java.dll

dbghelp: loaded successfully - version: 4.0.5 - missing functions: none
symbol engine: initialized successfully - sym options: 0x614 - pdb path: .;D:\Dev\Tools\IntelliJ IDEA Ultimate\jbr\bin;C:\WINDOWS\SYSTEM32;C:\WINDOWS\WinSxS\amd64_microsoft.windows.common-controls_6595b64144ccf1df_6.0.22621.2361_none_2712ced57382f843;D:\Dev\Tools\IntelliJ IDEA Ultimate\jbr\bin\server

VM Arguments:
java_command: git4idea.http.GitAskPassApp Username for 'https://github.com': 
java_class_path (initial): D:/Dev/Tools/IntelliJ IDEA Ultimate/plugins/vcs-git/lib/git4idea-rt.jar;D:/Dev/Tools/IntelliJ IDEA Ultimate/lib/externalProcess-rt.jar
Launcher Type: SUN_STANDARD

[Global flags]
     intx CICompilerCount                          = 4                                         {product} {ergonomic}
     uint ConcGCThreads                            = 3                                         {product} {ergonomic}
     uint G1ConcRefinementThreads                  = 10                                        {product} {ergonomic}
   size_t G1HeapRegionSize                         = 2097152                                   {product} {ergonomic}
    uintx GCDrainStackTargetSize                   = 64                                        {product} {ergonomic}
   size_t InitialHeapSize                          = 257949696                                 {product} {ergonomic}
   size_t MarkStackSize                            = 4194304                                   {product} {ergonomic}
   size_t MaxHeapSize                              = 4127195136                                {product} {ergonomic}
   size_t MinHeapDeltaBytes                        = 2097152                                   {product} {ergonomic}
   size_t MinHeapSize                              = 8388608                                   {product} {ergonomic}
    uintx NonNMethodCodeHeapSize                   = 5839372                                {pd product} {ergonomic}
    uintx NonProfiledCodeHeapSize                  = 122909434                              {pd product} {ergonomic}
    uintx ProfiledCodeHeapSize                     = 122909434                              {pd product} {ergonomic}
    uintx ReservedCodeCacheSize                    = 251658240                              {pd product} {ergonomic}
     bool SegmentedCodeCache                       = true                                      {product} {ergonomic}
   size_t SoftMaxHeapSize                          = 4127195136                             {manageable} {ergonomic}
     bool UseCompressedClassPointers               = true                           {product lp64_product} {ergonomic}
     bool UseCompressedOops                        = true                           {product lp64_product} {ergonomic}
     bool UseG1GC                                  = true                                      {product} {ergonomic}
     bool UseLargePagesIndividualAllocation        = false                                  {pd product} {ergonomic}

Logging:
Log output configuration:
 #0: stdout all=warning uptime,level,tags
 #1: stderr all=off uptime,level,tags

Environment Variables:
PATH=D:\Git\mingw64\libexec\git-core;D:\Git\mingw64\libexec\git-core;D:\Git\mingw64\bin;D:\Git\usr\bin;C:\Users\grube\bin;C:\WINDOWS\system32;C:\WINDOWS;C:\WINDOWS\System32\Wbem;C:\WINDOWS\System32\WindowsPowerShell\v1.0;C:\WINDOWS\System32\OpenSSH;D:\Git\cmd;C:\Program Files\dotnet;C:\Program Files\Docker\Docker\resources\bin;D:\nodejs;D:\Dev\Tools\Python3911\Scripts;D:\Dev\Tools\Python3911;C:\Users\grube\AppData\Local\Programs\Python\Python39\Scripts;C:\Users\grube\AppData\Local\Programs\Python\Python39;D:\Dev\Tools\Python311\Scripts;D:\Dev\Tools\Python311;C:\Users\grube\AppData\Local\Microsoft\WindowsApps;C:\Users\grube\AppData\Local\JetBrains\Toolbox\scripts;C:\Users\grube\AppData\Roaming\Microsoft\Windows\Start Menu\Programs\Python 3.10\Scripts;C:\Users\grube\.dotnet\tools;D:\Dev\Tools\Microsoft VS Code\bin;C:\Users\grube\AppData\Roaming\npm;D:\nodejs
USERNAME=grube
DISPLAY=:0.0
LC_ALL=en_US.UTF-8
TERM=cygwin
TMPDIR=C:\Users\grube\AppData\Local\Temp
OS=Windows_NT
PROCESSOR_IDENTIFIER=AMD64 Family 23 Model 96 Stepping 1, AuthenticAMD
TMP=C:\Users\grube\AppData\Local\Temp
TEMP=C:\Users\grube\AppData\Local\Temp


JNI global refs:
JNI global refs: 0, weak refs: 0

JNI global refs memory usage: 0, weak refs: 0

OOME stack traces (most recent first):
Classloader memory used:


---------------  S Y S T E M  ---------------

OS:
 Windows 11 , 64 bit Build 22621 (10.0.22621.2428)
OS uptime: 7 days 0:04 hours
Hyper-V role detected

CPU: total 12 (initial active 12) (12 cores per cpu, 2 threads per core) family 23 model 96 stepping 1 microcode 0x0, cx8, cmov, fxsr, ht, mmx, 3dnowpref, sse, sse2, sse3, ssse3, sse4a, sse4.1, sse4.2, popcnt, lzcnt, tsc, tscinvbit, avx, avx2, aes, clmul, bmi1, bmi2, adx, sha, fma, vzeroupper, clflush, clflushopt, hv
Processor Information for all 12 processors :
  Max Mhz: 3000, Current Mhz: 3000, Mhz Limit: 3000

Memory: 4k page, system-wide physical 15741M (1150M free)
TotalPageFile size 31101M (AvailPageFile size 145M)
current process WorkingSet (physical memory assigned to process): 11M, peak: 11M
current process commit charge ("private bytes"): 64M, peak: 310M

vm_info: OpenJDK 64-Bit Server VM (17.0.8+7-b1000.22) for windows-amd64 JRE (17.0.8+7-b1000.22), built on 2023-09-02 by "builduser" with MS VC++ 16.10 / 16.11 (VS2019)

END.
